<?xml version="1.0" encoding="UTF-8"?>
<testng-results ignored="0" total="2" passed="2" failed="0" skipped="0">
  <reporter-output>
  </reporter-output>
  <suite started-at="2023-06-06T17:30:47 EDT" name="opencarSuite" finished-at="2023-06-06T17:30:57 EDT" duration-ms="10414">
    <groups>
    </groups>
    <test started-at="2023-06-06T17:30:47 EDT" name="opencartTest" finished-at="2023-06-06T17:30:57 EDT" duration-ms="10414">
      <class name="testCases.TC_001_AccountRegistrationTest">
        <test-method is-config="true" signature="setup(java.lang.String)[pri:0, instance:testCases.TC_001_AccountRegistrationTest@399f45b1]" started-at="2023-06-06T17:30:47 EDT" name="setup" finished-at="2023-06-06T17:30:52 EDT" duration-ms="4777" status="PASS">
          <params>
            <param index="0">
              <value>
                <![CDATA[chrome]]>
              </value>
            </param>
          </params>
          <reporter-output>
          </reporter-output>
        </test-method> <!-- setup -->
        <test-method signature="test_account_Registration()[pri:0, instance:testCases.TC_001_AccountRegistrationTest@399f45b1]" started-at="2023-06-06T17:30:52 EDT" name="test_account_Registration" finished-at="2023-06-06T17:30:52 EDT" duration-ms="676" status="PASS">
          <reporter-output>
          </reporter-output>
        </test-method> <!-- test_account_Registration -->
        <test-method is-config="true" signature="tearDown()[pri:0, instance:testCases.TC_001_AccountRegistrationTest@399f45b1]" started-at="2023-06-06T17:30:52 EDT" name="tearDown" finished-at="2023-06-06T17:30:53 EDT" duration-ms="836" status="PASS">
          <reporter-output>
          </reporter-output>
        </test-method> <!-- tearDown -->
      </class> <!-- testCases.TC_001_AccountRegistrationTest -->
      <class name="testCases.TC_002_LoginTest">
        <test-method is-config="true" signature="setup(java.lang.String)[pri:0, instance:testCases.TC_002_LoginTest@564fabc8]" started-at="2023-06-06T17:30:53 EDT" name="setup" finished-at="2023-06-06T17:30:55 EDT" duration-ms="2115" status="PASS">
          <params>
            <param index="0">
              <value>
                <![CDATA[chrome]]>
              </value>
            </param>
          </params>
          <reporter-output>
          </reporter-output>
        </test-method> <!-- setup -->
        <test-method signature="test_login()[pri:0, instance:testCases.TC_002_LoginTest@564fabc8]" started-at="2023-06-06T17:30:55 EDT" name="test_login" finished-at="2023-06-06T17:30:56 EDT" duration-ms="1127" status="PASS">
          <reporter-output>
          </reporter-output>
        </test-method> <!-- test_login -->
        <test-method is-config="true" signature="tearDown()[pri:0, instance:testCases.TC_002_LoginTest@564fabc8]" started-at="2023-06-06T17:30:56 EDT" name="tearDown" finished-at="2023-06-06T17:30:57 EDT" duration-ms="830" status="PASS">
          <reporter-output>
          </reporter-output>
        </test-method> <!-- tearDown -->
      </class> <!-- testCases.TC_002_LoginTest -->
    </test> <!-- opencartTest -->
  </suite> <!-- opencarSuite -->
</testng-results>
