<?xml version="1.0" encoding="UTF-8"?>
<testng-results ignored="0" total="2" passed="2" failed="0" skipped="0">
  <reporter-output>
  </reporter-output>
  <suite started-at="2023-06-07T00:53:10 EDT" name="opencarSuite" finished-at="2023-06-07T00:53:23 EDT" duration-ms="12756">
    <groups>
    </groups>
    <test started-at="2023-06-07T00:53:10 EDT" name="opencartTest" finished-at="2023-06-07T00:53:23 EDT" duration-ms="12756">
      <class name="testCases.TC_001_AccountRegistrationTest">
        <test-method is-config="true" signature="setup(java.lang.String)[pri:0, instance:testCases.TC_001_AccountRegistrationTest@3b69e7d1]" started-at="2023-06-07T00:53:10 EDT" name="setup" finished-at="2023-06-07T00:53:17 EDT" duration-ms="6285" status="PASS">
          <params>
            <param index="0">
              <value>
                <![CDATA[chrome]]>
              </value>
            </param>
          </params>
          <reporter-output>
          </reporter-output>
        </test-method> <!-- setup -->
        <test-method signature="test_account_Registration()[pri:0, instance:testCases.TC_001_AccountRegistrationTest@3b69e7d1]" started-at="2023-06-07T00:53:17 EDT" name="test_account_Registration" finished-at="2023-06-07T00:53:18 EDT" duration-ms="848" status="PASS">
          <reporter-output>
          </reporter-output>
        </test-method> <!-- test_account_Registration -->
        <test-method is-config="true" signature="tearDown()[pri:0, instance:testCases.TC_001_AccountRegistrationTest@3b69e7d1]" started-at="2023-06-07T00:53:18 EDT" name="tearDown" finished-at="2023-06-07T00:53:19 EDT" duration-ms="1190" status="PASS">
          <reporter-output>
          </reporter-output>
        </test-method> <!-- tearDown -->
      </class> <!-- testCases.TC_001_AccountRegistrationTest -->
      <class name="testCases.TC_002_LoginTest">
        <test-method is-config="true" signature="setup(java.lang.String)[pri:0, instance:testCases.TC_002_LoginTest@10683d9d]" started-at="2023-06-07T00:53:19 EDT" name="setup" finished-at="2023-06-07T00:53:21 EDT" duration-ms="2031" status="PASS">
          <params>
            <param index="0">
              <value>
                <![CDATA[chrome]]>
              </value>
            </param>
          </params>
          <reporter-output>
          </reporter-output>
        </test-method> <!-- setup -->
        <test-method signature="test_login()[pri:0, instance:testCases.TC_002_LoginTest@10683d9d]" started-at="2023-06-07T00:53:21 EDT" name="test_login" finished-at="2023-06-07T00:53:22 EDT" duration-ms="1165" status="PASS">
          <reporter-output>
          </reporter-output>
        </test-method> <!-- test_login -->
        <test-method is-config="true" signature="tearDown()[pri:0, instance:testCases.TC_002_LoginTest@10683d9d]" started-at="2023-06-07T00:53:22 EDT" name="tearDown" finished-at="2023-06-07T00:53:23 EDT" duration-ms="1155" status="PASS">
          <reporter-output>
          </reporter-output>
        </test-method> <!-- tearDown -->
      </class> <!-- testCases.TC_002_LoginTest -->
    </test> <!-- opencartTest -->
  </suite> <!-- opencarSuite -->
</testng-results>
